[2025/06/03 23:07:29] ppcls INFO: 
===========================================================
==        PaddleClas is powered by PaddlePaddle !        ==
===========================================================
==                                                       ==
==   For more info please go to the following website.   ==
==                                                       ==
==       https://github.com/PaddlePaddle/PaddleClas      ==
===========================================================

[2025/06/03 23:07:29] ppcls INFO: Global : 
[2025/06/03 23:07:29] ppcls INFO:     checkpoints : None
[2025/06/03 23:07:29] ppcls INFO:     pretrained_model : https://paddle-imagenet-models-name.bj.bcebos.com/dygraph/RepVGG_D2se_pretrained.pdparams
[2025/06/03 23:07:29] ppcls INFO:     output_dir : ./output_RegVGG/
[2025/06/03 23:07:29] ppcls INFO:     device : gpu
[2025/06/03 23:07:29] ppcls INFO:     save_interval : 10000
[2025/06/03 23:07:29] ppcls INFO:     eval_during_train : True
[2025/06/03 23:07:29] ppcls INFO:     eval_interval : 1
[2025/06/03 23:07:29] ppcls INFO:     epochs : 200
[2025/06/03 23:07:29] ppcls INFO:     print_batch_step : 10
[2025/06/03 23:07:29] ppcls INFO:     use_visualdl : False
[2025/06/03 23:07:29] ppcls INFO:     image_shape : [3, 320, 320]
[2025/06/03 23:07:29] ppcls INFO:     save_inference_dir : ./inference
[2025/06/03 23:07:29] ppcls INFO: ------------------------------------------------------------
[2025/06/03 23:07:29] ppcls INFO: AMP : 
[2025/06/03 23:07:29] ppcls INFO:     use_amp : False
[2025/06/03 23:07:29] ppcls INFO:     use_fp16_test : False
[2025/06/03 23:07:29] ppcls INFO:     scale_loss : 128.0
[2025/06/03 23:07:29] ppcls INFO:     use_dynamic_loss_scaling : True
[2025/06/03 23:07:29] ppcls INFO:     use_promote : False
[2025/06/03 23:07:29] ppcls INFO:     level : O1
[2025/06/03 23:07:29] ppcls INFO: ------------------------------------------------------------
[2025/06/03 23:07:29] ppcls INFO: Arch : 
[2025/06/03 23:07:29] ppcls INFO:     name : RepVGG_D2se
[2025/06/03 23:07:29] ppcls INFO:     class_num : 2
[2025/06/03 23:07:29] ppcls INFO: ------------------------------------------------------------
[2025/06/03 23:07:29] ppcls INFO: Loss : 
[2025/06/03 23:07:29] ppcls INFO:     Train : 
[2025/06/03 23:07:29] ppcls INFO:         CELoss : 
[2025/06/03 23:07:29] ppcls INFO:             weight : 1.0
[2025/06/03 23:07:29] ppcls INFO:             epsilon : 0.1
[2025/06/03 23:07:29] ppcls INFO:     Eval : 
[2025/06/03 23:07:29] ppcls INFO:         CELoss : 
[2025/06/03 23:07:29] ppcls INFO:             weight : 1.0
[2025/06/03 23:07:29] ppcls INFO: ------------------------------------------------------------
[2025/06/03 23:07:29] ppcls INFO: Optimizer : 
[2025/06/03 23:07:29] ppcls INFO:     name : Momentum
[2025/06/03 23:07:29] ppcls INFO:     momentum : 0.9
[2025/06/03 23:07:29] ppcls INFO:     lr : 
[2025/06/03 23:07:29] ppcls INFO:         name : Cosine
[2025/06/03 23:07:29] ppcls INFO:         learning_rate : 0.1
[2025/06/03 23:07:29] ppcls INFO:         warmup_epoch : 5
[2025/06/03 23:07:29] ppcls INFO:     regularizer : 
[2025/06/03 23:07:29] ppcls INFO:         name : L2
[2025/06/03 23:07:29] ppcls INFO:         coeff : 0.0001
[2025/06/03 23:07:29] ppcls INFO: ------------------------------------------------------------
[2025/06/03 23:07:29] ppcls INFO: DataLoader : 
[2025/06/03 23:07:29] ppcls INFO:     Train : 
[2025/06/03 23:07:29] ppcls INFO:         dataset : 
[2025/06/03 23:07:29] ppcls INFO:             name : ImageNetDataset
[2025/06/03 23:07:29] ppcls INFO:             image_root : /mnt/data1_hdd/wgk/PaddleClas/tr/datasets_depth/
[2025/06/03 23:07:29] ppcls INFO:             cls_label_path : /mnt/data1_hdd/wgk/PaddleClas/tr/datasets_depth/train_list.txt
[2025/06/03 23:07:29] ppcls INFO:             depth_root : /mnt/data1_hdd/wgk/PaddleClas/tr/datasets_depth/depth/
[2025/06/03 23:07:29] ppcls INFO:             transform_ops : 
[2025/06/03 23:07:29] ppcls INFO:                 DecodeImage : 
[2025/06/03 23:07:29] ppcls INFO:                     to_rgb : True
[2025/06/03 23:07:29] ppcls INFO:                     channel_first : False
[2025/06/03 23:07:29] ppcls INFO:                 RandCropImage : 
[2025/06/03 23:07:29] ppcls INFO:                     size : 224
[2025/06/03 23:07:29] ppcls INFO:                 RandFlipImage : 
[2025/06/03 23:07:29] ppcls INFO:                     flip_code : 1
[2025/06/03 23:07:29] ppcls INFO:                 AutoAugment : None
[2025/06/03 23:07:29] ppcls INFO:                 NormalizeImage : 
[2025/06/03 23:07:29] ppcls INFO:                     scale : 1.0/255.0
[2025/06/03 23:07:29] ppcls INFO:                     mean : [0.485, 0.456, 0.406]
[2025/06/03 23:07:29] ppcls INFO:                     std : [0.229, 0.224, 0.225]
[2025/06/03 23:07:29] ppcls INFO:                     order : 
[2025/06/03 23:07:29] ppcls INFO:             batch_transform_ops : 
[2025/06/03 23:07:29] ppcls INFO:                 MixupOperator : 
[2025/06/03 23:07:29] ppcls INFO:                     alpha : 0.2
[2025/06/03 23:07:29] ppcls INFO:         sampler : 
[2025/06/03 23:07:29] ppcls INFO:             name : DistributedBatchSampler
[2025/06/03 23:07:29] ppcls INFO:             batch_size : 64
[2025/06/03 23:07:29] ppcls INFO:             drop_last : False
[2025/06/03 23:07:29] ppcls INFO:             shuffle : True
[2025/06/03 23:07:29] ppcls INFO:         loader : 
[2025/06/03 23:07:29] ppcls INFO:             num_workers : 4
[2025/06/03 23:07:29] ppcls INFO:             use_shared_memory : True
[2025/06/03 23:07:29] ppcls INFO:     Eval : 
[2025/06/03 23:07:29] ppcls INFO:         dataset : 
[2025/06/03 23:07:29] ppcls INFO:             name : ImageNetDataset
[2025/06/03 23:07:29] ppcls INFO:             image_root : /mnt/data1_hdd/wgk/PaddleClas/tr/datasets_depth/
[2025/06/03 23:07:29] ppcls INFO:             cls_label_path : /mnt/data1_hdd/wgk/PaddleClas/tr/datasets_depth/val_list.txt
[2025/06/03 23:07:29] ppcls INFO:             depth_root : /mnt/data1_hdd/wgk/PaddleClas/tr/datasets_depth/depth/
[2025/06/03 23:07:29] ppcls INFO:             transform_ops : 
[2025/06/03 23:07:29] ppcls INFO:                 DecodeImage : 
[2025/06/03 23:07:29] ppcls INFO:                     to_rgb : True
[2025/06/03 23:07:29] ppcls INFO:                     channel_first : False
[2025/06/03 23:07:29] ppcls INFO:                 ResizeImage : 
[2025/06/03 23:07:29] ppcls INFO:                     resize_short : 320
[2025/06/03 23:07:29] ppcls INFO:                     interpolation : bicubic
[2025/06/03 23:07:29] ppcls INFO:                     backend : pil
[2025/06/03 23:07:29] ppcls INFO:                 CropImage : 
[2025/06/03 23:07:29] ppcls INFO:                     size : 320
[2025/06/03 23:07:29] ppcls INFO:                 NormalizeImage : 
[2025/06/03 23:07:29] ppcls INFO:                     scale : 1.0/255.0
[2025/06/03 23:07:29] ppcls INFO:                     mean : [0.485, 0.456, 0.406]
[2025/06/03 23:07:29] ppcls INFO:                     std : [0.229, 0.224, 0.225]
[2025/06/03 23:07:29] ppcls INFO:                     order : 
[2025/06/03 23:07:29] ppcls INFO:         sampler : 
[2025/06/03 23:07:29] ppcls INFO:             name : DistributedBatchSampler
[2025/06/03 23:07:29] ppcls INFO:             batch_size : 128
[2025/06/03 23:07:29] ppcls INFO:             drop_last : False
[2025/06/03 23:07:29] ppcls INFO:             shuffle : False
[2025/06/03 23:07:29] ppcls INFO:         loader : 
[2025/06/03 23:07:29] ppcls INFO:             num_workers : 4
[2025/06/03 23:07:29] ppcls INFO:             use_shared_memory : True
[2025/06/03 23:07:29] ppcls INFO: ------------------------------------------------------------
[2025/06/03 23:07:29] ppcls INFO: Infer : 
[2025/06/03 23:07:29] ppcls INFO:     infer_imgs : docs/images/inference_deployment/whl_demo.jpg
[2025/06/03 23:07:29] ppcls INFO:     batch_size : 10
[2025/06/03 23:07:29] ppcls INFO:     transforms : 
[2025/06/03 23:07:29] ppcls INFO:         DecodeImage : 
[2025/06/03 23:07:29] ppcls INFO:             to_rgb : True
[2025/06/03 23:07:29] ppcls INFO:             channel_first : False
[2025/06/03 23:07:29] ppcls INFO:         ResizeImage : 
[2025/06/03 23:07:29] ppcls INFO:             resize_short : 320
[2025/06/03 23:07:29] ppcls INFO:             interpolation : bicubic
[2025/06/03 23:07:29] ppcls INFO:             backend : pil
[2025/06/03 23:07:29] ppcls INFO:         CropImage : 
[2025/06/03 23:07:29] ppcls INFO:             size : 320
[2025/06/03 23:07:29] ppcls INFO:         NormalizeImage : 
[2025/06/03 23:07:29] ppcls INFO:             scale : 1.0/255.0
[2025/06/03 23:07:29] ppcls INFO:             mean : [0.485, 0.456, 0.406]
[2025/06/03 23:07:29] ppcls INFO:             std : [0.229, 0.224, 0.225]
[2025/06/03 23:07:29] ppcls INFO:             order : 
[2025/06/03 23:07:29] ppcls INFO:         ToCHWImage : None
[2025/06/03 23:07:29] ppcls INFO:     PostProcess : 
[2025/06/03 23:07:29] ppcls INFO:         name : Topk
[2025/06/03 23:07:29] ppcls INFO:         topk : 5
[2025/06/03 23:07:29] ppcls INFO:         class_id_map_file : ppcls/utils/imagenet1k_label_list.txt
[2025/06/03 23:07:29] ppcls INFO: ------------------------------------------------------------
[2025/06/03 23:07:29] ppcls INFO: Metric : 
[2025/06/03 23:07:29] ppcls INFO:     Train : 
[2025/06/03 23:07:29] ppcls INFO:         TopkAcc : 
[2025/06/03 23:07:29] ppcls INFO:             topk : [1, 5]
[2025/06/03 23:07:29] ppcls INFO:     Eval : 
[2025/06/03 23:07:29] ppcls INFO:         TopkAcc : 
[2025/06/03 23:07:29] ppcls INFO:             topk : [1, 5]
[2025/06/03 23:07:29] ppcls INFO:         PerClassAccuracy : 
[2025/06/03 23:07:29] ppcls INFO:             topk : 1
[2025/06/03 23:07:29] ppcls INFO: ------------------------------------------------------------
[2025/06/03 23:07:29] ppcls INFO: profiler_options : None
[2025/06/03 23:07:29] ppcls INFO: train with paddle 3.0.0 and device Place(gpu:0)
[2025/06/03 23:11:36] ppcls INFO: 
===========================================================
==        PaddleClas is powered by PaddlePaddle !        ==
===========================================================
==                                                       ==
==   For more info please go to the following website.   ==
==                                                       ==
==       https://github.com/PaddlePaddle/PaddleClas      ==
===========================================================

[2025/06/03 23:11:36] ppcls INFO: Global : 
[2025/06/03 23:11:36] ppcls INFO:     checkpoints : None
[2025/06/03 23:11:36] ppcls INFO:     pretrained_model : https://paddle-imagenet-models-name.bj.bcebos.com/dygraph/RepVGG_D2se_pretrained.pdparams
[2025/06/03 23:11:36] ppcls INFO:     output_dir : ./output_RegVGG/
[2025/06/03 23:11:36] ppcls INFO:     device : gpu
[2025/06/03 23:11:36] ppcls INFO:     save_interval : 10000
[2025/06/03 23:11:36] ppcls INFO:     eval_during_train : True
[2025/06/03 23:11:36] ppcls INFO:     eval_interval : 1
[2025/06/03 23:11:36] ppcls INFO:     epochs : 200
[2025/06/03 23:11:36] ppcls INFO:     print_batch_step : 10
[2025/06/03 23:11:36] ppcls INFO:     use_visualdl : False
[2025/06/03 23:11:36] ppcls INFO:     image_shape : [3, 320, 320]
[2025/06/03 23:11:36] ppcls INFO:     save_inference_dir : ./inference
[2025/06/03 23:11:36] ppcls INFO: ------------------------------------------------------------
[2025/06/03 23:11:36] ppcls INFO: AMP : 
[2025/06/03 23:11:36] ppcls INFO:     use_amp : False
[2025/06/03 23:11:36] ppcls INFO:     use_fp16_test : False
[2025/06/03 23:11:36] ppcls INFO:     scale_loss : 128.0
[2025/06/03 23:11:36] ppcls INFO:     use_dynamic_loss_scaling : True
[2025/06/03 23:11:36] ppcls INFO:     use_promote : False
[2025/06/03 23:11:36] ppcls INFO:     level : O1
[2025/06/03 23:11:36] ppcls INFO: ------------------------------------------------------------
[2025/06/03 23:11:36] ppcls INFO: Arch : 
[2025/06/03 23:11:36] ppcls INFO:     name : RepVGG_D2se
[2025/06/03 23:11:36] ppcls INFO:     class_num : 2
[2025/06/03 23:11:36] ppcls INFO: ------------------------------------------------------------
[2025/06/03 23:11:36] ppcls INFO: Loss : 
[2025/06/03 23:11:36] ppcls INFO:     Train : 
[2025/06/03 23:11:36] ppcls INFO:         CELoss : 
[2025/06/03 23:11:36] ppcls INFO:             weight : 1.0
[2025/06/03 23:11:36] ppcls INFO:             epsilon : 0.1
[2025/06/03 23:11:36] ppcls INFO:     Eval : 
[2025/06/03 23:11:36] ppcls INFO:         CELoss : 
[2025/06/03 23:11:36] ppcls INFO:             weight : 1.0
[2025/06/03 23:11:36] ppcls INFO: ------------------------------------------------------------
[2025/06/03 23:11:36] ppcls INFO: Optimizer : 
[2025/06/03 23:11:36] ppcls INFO:     name : Momentum
[2025/06/03 23:11:36] ppcls INFO:     momentum : 0.9
[2025/06/03 23:11:36] ppcls INFO:     lr : 
[2025/06/03 23:11:36] ppcls INFO:         name : Cosine
[2025/06/03 23:11:36] ppcls INFO:         learning_rate : 0.1
[2025/06/03 23:11:36] ppcls INFO:         warmup_epoch : 5
[2025/06/03 23:11:36] ppcls INFO:     regularizer : 
[2025/06/03 23:11:36] ppcls INFO:         name : L2
[2025/06/03 23:11:36] ppcls INFO:         coeff : 0.0001
[2025/06/03 23:11:36] ppcls INFO: ------------------------------------------------------------
[2025/06/03 23:11:36] ppcls INFO: DataLoader : 
[2025/06/03 23:11:36] ppcls INFO:     Train : 
[2025/06/03 23:11:36] ppcls INFO:         dataset : 
[2025/06/03 23:11:36] ppcls INFO:             name : ImageNetDataset
[2025/06/03 23:11:36] ppcls INFO:             image_root : /mnt/data1_hdd/wgk/PaddleClas/tr/datasets_depth/
[2025/06/03 23:11:36] ppcls INFO:             cls_label_path : /mnt/data1_hdd/wgk/PaddleClas/tr/datasets_depth/train_list.txt
[2025/06/03 23:11:36] ppcls INFO:             depth_root : /mnt/data1_hdd/wgk/PaddleClas/tr/datasets_depth/
[2025/06/03 23:11:36] ppcls INFO:             transform_ops : 
[2025/06/03 23:11:36] ppcls INFO:                 DecodeImage : 
[2025/06/03 23:11:36] ppcls INFO:                     to_rgb : True
[2025/06/03 23:11:36] ppcls INFO:                     channel_first : False
[2025/06/03 23:11:36] ppcls INFO:                 RandCropImage : 
[2025/06/03 23:11:36] ppcls INFO:                     size : 224
[2025/06/03 23:11:36] ppcls INFO:                 RandFlipImage : 
[2025/06/03 23:11:36] ppcls INFO:                     flip_code : 1
[2025/06/03 23:11:36] ppcls INFO:                 AutoAugment : None
[2025/06/03 23:11:36] ppcls INFO:                 NormalizeImage : 
[2025/06/03 23:11:36] ppcls INFO:                     scale : 1.0/255.0
[2025/06/03 23:11:36] ppcls INFO:                     mean : [0.485, 0.456, 0.406]
[2025/06/03 23:11:36] ppcls INFO:                     std : [0.229, 0.224, 0.225]
[2025/06/03 23:11:36] ppcls INFO:                     order : 
[2025/06/03 23:11:36] ppcls INFO:             batch_transform_ops : 
[2025/06/03 23:11:36] ppcls INFO:                 MixupOperator : 
[2025/06/03 23:11:36] ppcls INFO:                     alpha : 0.2
[2025/06/03 23:11:36] ppcls INFO:         sampler : 
[2025/06/03 23:11:36] ppcls INFO:             name : DistributedBatchSampler
[2025/06/03 23:11:36] ppcls INFO:             batch_size : 64
[2025/06/03 23:11:36] ppcls INFO:             drop_last : False
[2025/06/03 23:11:36] ppcls INFO:             shuffle : True
[2025/06/03 23:11:36] ppcls INFO:         loader : 
[2025/06/03 23:11:36] ppcls INFO:             num_workers : 4
[2025/06/03 23:11:36] ppcls INFO:             use_shared_memory : True
[2025/06/03 23:11:36] ppcls INFO:     Eval : 
[2025/06/03 23:11:36] ppcls INFO:         dataset : 
[2025/06/03 23:11:36] ppcls INFO:             name : ImageNetDataset
[2025/06/03 23:11:36] ppcls INFO:             image_root : /mnt/data1_hdd/wgk/PaddleClas/tr/datasets_depth/
[2025/06/03 23:11:36] ppcls INFO:             cls_label_path : /mnt/data1_hdd/wgk/PaddleClas/tr/datasets_depth/val_list.txt
[2025/06/03 23:11:36] ppcls INFO:             depth_root : /mnt/data1_hdd/wgk/PaddleClas/tr/datasets_depth/
[2025/06/03 23:11:36] ppcls INFO:             transform_ops : 
[2025/06/03 23:11:36] ppcls INFO:                 DecodeImage : 
[2025/06/03 23:11:36] ppcls INFO:                     to_rgb : True
[2025/06/03 23:11:36] ppcls INFO:                     channel_first : False
[2025/06/03 23:11:36] ppcls INFO:                 ResizeImage : 
[2025/06/03 23:11:36] ppcls INFO:                     resize_short : 320
[2025/06/03 23:11:36] ppcls INFO:                     interpolation : bicubic
[2025/06/03 23:11:36] ppcls INFO:                     backend : pil
[2025/06/03 23:11:36] ppcls INFO:                 CropImage : 
[2025/06/03 23:11:36] ppcls INFO:                     size : 320
[2025/06/03 23:11:36] ppcls INFO:                 NormalizeImage : 
[2025/06/03 23:11:36] ppcls INFO:                     scale : 1.0/255.0
[2025/06/03 23:11:36] ppcls INFO:                     mean : [0.485, 0.456, 0.406]
[2025/06/03 23:11:36] ppcls INFO:                     std : [0.229, 0.224, 0.225]
[2025/06/03 23:11:36] ppcls INFO:                     order : 
[2025/06/03 23:11:36] ppcls INFO:         sampler : 
[2025/06/03 23:11:36] ppcls INFO:             name : DistributedBatchSampler
[2025/06/03 23:11:36] ppcls INFO:             batch_size : 128
[2025/06/03 23:11:36] ppcls INFO:             drop_last : False
[2025/06/03 23:11:36] ppcls INFO:             shuffle : False
[2025/06/03 23:11:36] ppcls INFO:         loader : 
[2025/06/03 23:11:36] ppcls INFO:             num_workers : 4
[2025/06/03 23:11:36] ppcls INFO:             use_shared_memory : True
[2025/06/03 23:11:36] ppcls INFO: ------------------------------------------------------------
[2025/06/03 23:11:36] ppcls INFO: Infer : 
[2025/06/03 23:11:36] ppcls INFO:     infer_imgs : docs/images/inference_deployment/whl_demo.jpg
[2025/06/03 23:11:36] ppcls INFO:     batch_size : 10
[2025/06/03 23:11:36] ppcls INFO:     transforms : 
[2025/06/03 23:11:36] ppcls INFO:         DecodeImage : 
[2025/06/03 23:11:36] ppcls INFO:             to_rgb : True
[2025/06/03 23:11:36] ppcls INFO:             channel_first : False
[2025/06/03 23:11:36] ppcls INFO:         ResizeImage : 
[2025/06/03 23:11:36] ppcls INFO:             resize_short : 320
[2025/06/03 23:11:36] ppcls INFO:             interpolation : bicubic
[2025/06/03 23:11:36] ppcls INFO:             backend : pil
[2025/06/03 23:11:36] ppcls INFO:         CropImage : 
[2025/06/03 23:11:36] ppcls INFO:             size : 320
[2025/06/03 23:11:36] ppcls INFO:         NormalizeImage : 
[2025/06/03 23:11:36] ppcls INFO:             scale : 1.0/255.0
[2025/06/03 23:11:36] ppcls INFO:             mean : [0.485, 0.456, 0.406]
[2025/06/03 23:11:36] ppcls INFO:             std : [0.229, 0.224, 0.225]
[2025/06/03 23:11:36] ppcls INFO:             order : 
[2025/06/03 23:11:36] ppcls INFO:         ToCHWImage : None
[2025/06/03 23:11:36] ppcls INFO:     PostProcess : 
[2025/06/03 23:11:36] ppcls INFO:         name : Topk
[2025/06/03 23:11:36] ppcls INFO:         topk : 5
[2025/06/03 23:11:36] ppcls INFO:         class_id_map_file : ppcls/utils/imagenet1k_label_list.txt
[2025/06/03 23:11:36] ppcls INFO: ------------------------------------------------------------
[2025/06/03 23:11:36] ppcls INFO: Metric : 
[2025/06/03 23:11:36] ppcls INFO:     Train : 
[2025/06/03 23:11:36] ppcls INFO:         TopkAcc : 
[2025/06/03 23:11:36] ppcls INFO:             topk : [1, 5]
[2025/06/03 23:11:36] ppcls INFO:     Eval : 
[2025/06/03 23:11:36] ppcls INFO:         TopkAcc : 
[2025/06/03 23:11:36] ppcls INFO:             topk : [1, 5]
[2025/06/03 23:11:36] ppcls INFO:         PerClassAccuracy : 
[2025/06/03 23:11:36] ppcls INFO:             topk : 1
[2025/06/03 23:11:36] ppcls INFO: ------------------------------------------------------------
[2025/06/03 23:11:36] ppcls INFO: profiler_options : None
[2025/06/03 23:11:36] ppcls INFO: train with paddle 3.0.0 and device Place(gpu:0)
[2025/06/03 23:11:37] ppcls WARNING: Unable to calculate accuracy when using "batch_transform_ops". The metric "{'TopkAcc': {'topk': [1, 5]}}" has been removed.
[2025/06/03 23:12:52] ppcls INFO: 
===========================================================
==        PaddleClas is powered by PaddlePaddle !        ==
===========================================================
==                                                       ==
==   For more info please go to the following website.   ==
==                                                       ==
==       https://github.com/PaddlePaddle/PaddleClas      ==
===========================================================

[2025/06/03 23:12:52] ppcls INFO: Global : 
[2025/06/03 23:12:52] ppcls INFO:     checkpoints : None
[2025/06/03 23:12:52] ppcls INFO:     pretrained_model : https://paddle-imagenet-models-name.bj.bcebos.com/dygraph/RepVGG_D2se_pretrained.pdparams
[2025/06/03 23:12:52] ppcls INFO:     output_dir : ./output_RegVGG/
[2025/06/03 23:12:52] ppcls INFO:     device : gpu
[2025/06/03 23:12:52] ppcls INFO:     save_interval : 10000
[2025/06/03 23:12:52] ppcls INFO:     eval_during_train : True
[2025/06/03 23:12:52] ppcls INFO:     eval_interval : 1
[2025/06/03 23:12:52] ppcls INFO:     epochs : 200
[2025/06/03 23:12:52] ppcls INFO:     print_batch_step : 10
[2025/06/03 23:12:52] ppcls INFO:     use_visualdl : False
[2025/06/03 23:12:52] ppcls INFO:     image_shape : [3, 320, 320]
[2025/06/03 23:12:52] ppcls INFO:     save_inference_dir : ./inference
[2025/06/03 23:12:52] ppcls INFO: ------------------------------------------------------------
[2025/06/03 23:12:52] ppcls INFO: AMP : 
[2025/06/03 23:12:52] ppcls INFO:     use_amp : False
[2025/06/03 23:12:52] ppcls INFO:     use_fp16_test : False
[2025/06/03 23:12:52] ppcls INFO:     scale_loss : 128.0
[2025/06/03 23:12:52] ppcls INFO:     use_dynamic_loss_scaling : True
[2025/06/03 23:12:52] ppcls INFO:     use_promote : False
[2025/06/03 23:12:52] ppcls INFO:     level : O1
[2025/06/03 23:12:52] ppcls INFO: ------------------------------------------------------------
[2025/06/03 23:12:52] ppcls INFO: Arch : 
[2025/06/03 23:12:52] ppcls INFO:     name : RepVGG_D2se
[2025/06/03 23:12:52] ppcls INFO:     class_num : 2
[2025/06/03 23:12:52] ppcls INFO: ------------------------------------------------------------
[2025/06/03 23:12:52] ppcls INFO: Loss : 
[2025/06/03 23:12:52] ppcls INFO:     Train : 
[2025/06/03 23:12:52] ppcls INFO:         CELoss : 
[2025/06/03 23:12:52] ppcls INFO:             weight : 1.0
[2025/06/03 23:12:52] ppcls INFO:             epsilon : 0.1
[2025/06/03 23:12:52] ppcls INFO:     Eval : 
[2025/06/03 23:12:52] ppcls INFO:         CELoss : 
[2025/06/03 23:12:52] ppcls INFO:             weight : 1.0
[2025/06/03 23:12:52] ppcls INFO: ------------------------------------------------------------
[2025/06/03 23:12:52] ppcls INFO: Optimizer : 
[2025/06/03 23:12:52] ppcls INFO:     name : Momentum
[2025/06/03 23:12:52] ppcls INFO:     momentum : 0.9
[2025/06/03 23:12:52] ppcls INFO:     lr : 
[2025/06/03 23:12:52] ppcls INFO:         name : Cosine
[2025/06/03 23:12:52] ppcls INFO:         learning_rate : 0.1
[2025/06/03 23:12:52] ppcls INFO:         warmup_epoch : 5
[2025/06/03 23:12:52] ppcls INFO:     regularizer : 
[2025/06/03 23:12:52] ppcls INFO:         name : L2
[2025/06/03 23:12:52] ppcls INFO:         coeff : 0.0001
[2025/06/03 23:12:52] ppcls INFO: ------------------------------------------------------------
[2025/06/03 23:12:52] ppcls INFO: DataLoader : 
[2025/06/03 23:12:52] ppcls INFO:     Train : 
[2025/06/03 23:12:52] ppcls INFO:         dataset : 
[2025/06/03 23:12:52] ppcls INFO:             name : ImageNetDataset
[2025/06/03 23:12:52] ppcls INFO:             image_root : /mnt/data1_hdd/wgk/PaddleClas/tr/datasets_depth/
[2025/06/03 23:12:52] ppcls INFO:             cls_label_path : /mnt/data1_hdd/wgk/PaddleClas/tr/datasets_depth/train_list.txt
[2025/06/03 23:12:52] ppcls INFO:             depth_root : /mnt/data1_hdd/wgk/PaddleClas/tr/datasets_depth/
[2025/06/03 23:12:52] ppcls INFO:             transform_ops : 
[2025/06/03 23:12:52] ppcls INFO:                 DecodeImage : 
[2025/06/03 23:12:52] ppcls INFO:                     to_rgb : True
[2025/06/03 23:12:52] ppcls INFO:                     channel_first : False
[2025/06/03 23:12:52] ppcls INFO:                 RandCropImage : 
[2025/06/03 23:12:52] ppcls INFO:                     size : 224
[2025/06/03 23:12:52] ppcls INFO:                 RandFlipImage : 
[2025/06/03 23:12:52] ppcls INFO:                     flip_code : 1
[2025/06/03 23:12:52] ppcls INFO:                 AutoAugment : None
[2025/06/03 23:12:52] ppcls INFO:                 NormalizeImage : 
[2025/06/03 23:12:52] ppcls INFO:                     scale : 1.0/255.0
[2025/06/03 23:12:52] ppcls INFO:                     mean : [0.485, 0.456, 0.406]
[2025/06/03 23:12:52] ppcls INFO:                     std : [0.229, 0.224, 0.225]
[2025/06/03 23:12:52] ppcls INFO:                     order : 
[2025/06/03 23:12:52] ppcls INFO:             batch_transform_ops : 
[2025/06/03 23:12:52] ppcls INFO:                 MixupOperator : 
[2025/06/03 23:12:52] ppcls INFO:                     alpha : 0.2
[2025/06/03 23:12:52] ppcls INFO:         sampler : 
[2025/06/03 23:12:52] ppcls INFO:             name : DistributedBatchSampler
[2025/06/03 23:12:52] ppcls INFO:             batch_size : 64
[2025/06/03 23:12:52] ppcls INFO:             drop_last : False
[2025/06/03 23:12:52] ppcls INFO:             shuffle : True
[2025/06/03 23:12:52] ppcls INFO:         loader : 
[2025/06/03 23:12:52] ppcls INFO:             num_workers : 4
[2025/06/03 23:12:52] ppcls INFO:             use_shared_memory : True
[2025/06/03 23:12:52] ppcls INFO:     Eval : 
[2025/06/03 23:12:52] ppcls INFO:         dataset : 
[2025/06/03 23:12:52] ppcls INFO:             name : ImageNetDataset
[2025/06/03 23:12:52] ppcls INFO:             image_root : /mnt/data1_hdd/wgk/PaddleClas/tr/datasets_depth/
[2025/06/03 23:12:52] ppcls INFO:             cls_label_path : /mnt/data1_hdd/wgk/PaddleClas/tr/datasets_depth/val_list.txt
[2025/06/03 23:12:52] ppcls INFO:             depth_root : /mnt/data1_hdd/wgk/PaddleClas/tr/datasets_depth/
[2025/06/03 23:12:52] ppcls INFO:             transform_ops : 
[2025/06/03 23:12:52] ppcls INFO:                 DecodeImage : 
[2025/06/03 23:12:52] ppcls INFO:                     to_rgb : True
[2025/06/03 23:12:52] ppcls INFO:                     channel_first : False
[2025/06/03 23:12:52] ppcls INFO:                 ResizeImage : 
[2025/06/03 23:12:52] ppcls INFO:                     resize_short : 320
[2025/06/03 23:12:52] ppcls INFO:                     interpolation : bicubic
[2025/06/03 23:12:52] ppcls INFO:                     backend : pil
[2025/06/03 23:12:52] ppcls INFO:                 CropImage : 
[2025/06/03 23:12:52] ppcls INFO:                     size : 320
[2025/06/03 23:12:52] ppcls INFO:                 NormalizeImage : 
[2025/06/03 23:12:52] ppcls INFO:                     scale : 1.0/255.0
[2025/06/03 23:12:52] ppcls INFO:                     mean : [0.485, 0.456, 0.406]
[2025/06/03 23:12:52] ppcls INFO:                     std : [0.229, 0.224, 0.225]
[2025/06/03 23:12:52] ppcls INFO:                     order : 
[2025/06/03 23:12:52] ppcls INFO:         sampler : 
[2025/06/03 23:12:52] ppcls INFO:             name : DistributedBatchSampler
[2025/06/03 23:12:52] ppcls INFO:             batch_size : 128
[2025/06/03 23:12:52] ppcls INFO:             drop_last : False
[2025/06/03 23:12:52] ppcls INFO:             shuffle : False
[2025/06/03 23:12:52] ppcls INFO:         loader : 
[2025/06/03 23:12:52] ppcls INFO:             num_workers : 4
[2025/06/03 23:12:52] ppcls INFO:             use_shared_memory : True
[2025/06/03 23:12:52] ppcls INFO: ------------------------------------------------------------
[2025/06/03 23:12:52] ppcls INFO: Infer : 
[2025/06/03 23:12:52] ppcls INFO:     infer_imgs : docs/images/inference_deployment/whl_demo.jpg
[2025/06/03 23:12:52] ppcls INFO:     batch_size : 10
[2025/06/03 23:12:52] ppcls INFO:     transforms : 
[2025/06/03 23:12:52] ppcls INFO:         DecodeImage : 
[2025/06/03 23:12:52] ppcls INFO:             to_rgb : True
[2025/06/03 23:12:52] ppcls INFO:             channel_first : False
[2025/06/03 23:12:52] ppcls INFO:         ResizeImage : 
[2025/06/03 23:12:52] ppcls INFO:             resize_short : 320
[2025/06/03 23:12:52] ppcls INFO:             interpolation : bicubic
[2025/06/03 23:12:52] ppcls INFO:             backend : pil
[2025/06/03 23:12:52] ppcls INFO:         CropImage : 
[2025/06/03 23:12:52] ppcls INFO:             size : 320
[2025/06/03 23:12:52] ppcls INFO:         NormalizeImage : 
[2025/06/03 23:12:52] ppcls INFO:             scale : 1.0/255.0
[2025/06/03 23:12:52] ppcls INFO:             mean : [0.485, 0.456, 0.406]
[2025/06/03 23:12:52] ppcls INFO:             std : [0.229, 0.224, 0.225]
[2025/06/03 23:12:52] ppcls INFO:             order : 
[2025/06/03 23:12:52] ppcls INFO:         ToCHWImage : None
[2025/06/03 23:12:52] ppcls INFO:     PostProcess : 
[2025/06/03 23:12:52] ppcls INFO:         name : Topk
[2025/06/03 23:12:52] ppcls INFO:         topk : 5
[2025/06/03 23:12:52] ppcls INFO:         class_id_map_file : ppcls/utils/imagenet1k_label_list.txt
[2025/06/03 23:12:52] ppcls INFO: ------------------------------------------------------------
[2025/06/03 23:12:52] ppcls INFO: Metric : 
[2025/06/03 23:12:52] ppcls INFO:     Train : 
[2025/06/03 23:12:52] ppcls INFO:         TopkAcc : 
[2025/06/03 23:12:52] ppcls INFO:             topk : [1, 5]
[2025/06/03 23:12:52] ppcls INFO:     Eval : 
[2025/06/03 23:12:52] ppcls INFO:         TopkAcc : 
[2025/06/03 23:12:52] ppcls INFO:             topk : [1, 5]
[2025/06/03 23:12:52] ppcls INFO: ------------------------------------------------------------
[2025/06/03 23:12:52] ppcls INFO: profiler_options : None
[2025/06/03 23:12:52] ppcls INFO: train with paddle 3.0.0 and device Place(gpu:0)
[2025/06/03 23:12:53] ppcls WARNING: Unable to calculate accuracy when using "batch_transform_ops". The metric "{'TopkAcc': {'topk': [1, 5]}}" has been removed.
[2025/06/03 23:15:13] ppcls INFO: 
===========================================================
==        PaddleClas is powered by PaddlePaddle !        ==
===========================================================
==                                                       ==
==   For more info please go to the following website.   ==
==                                                       ==
==       https://github.com/PaddlePaddle/PaddleClas      ==
===========================================================

[2025/06/03 23:15:13] ppcls INFO: Global : 
[2025/06/03 23:15:13] ppcls INFO:     checkpoints : None
[2025/06/03 23:15:13] ppcls INFO:     pretrained_model : https://paddle-imagenet-models-name.bj.bcebos.com/dygraph/RepVGG_D2se_pretrained.pdparams
[2025/06/03 23:15:13] ppcls INFO:     output_dir : ./output_RegVGG/
[2025/06/03 23:15:13] ppcls INFO:     device : gpu
[2025/06/03 23:15:13] ppcls INFO:     save_interval : 10000
[2025/06/03 23:15:13] ppcls INFO:     eval_during_train : True
[2025/06/03 23:15:13] ppcls INFO:     eval_interval : 1
[2025/06/03 23:15:13] ppcls INFO:     epochs : 200
[2025/06/03 23:15:13] ppcls INFO:     print_batch_step : 10
[2025/06/03 23:15:13] ppcls INFO:     use_visualdl : False
[2025/06/03 23:15:13] ppcls INFO:     image_shape : [3, 320, 320]
[2025/06/03 23:15:13] ppcls INFO:     save_inference_dir : ./inference
[2025/06/03 23:15:13] ppcls INFO: ------------------------------------------------------------
[2025/06/03 23:15:13] ppcls INFO: AMP : 
[2025/06/03 23:15:13] ppcls INFO:     use_amp : False
[2025/06/03 23:15:13] ppcls INFO:     use_fp16_test : False
[2025/06/03 23:15:13] ppcls INFO:     scale_loss : 128.0
[2025/06/03 23:15:13] ppcls INFO:     use_dynamic_loss_scaling : True
[2025/06/03 23:15:13] ppcls INFO:     use_promote : False
[2025/06/03 23:15:13] ppcls INFO:     level : O1
[2025/06/03 23:15:13] ppcls INFO: ------------------------------------------------------------
[2025/06/03 23:15:13] ppcls INFO: Arch : 
[2025/06/03 23:15:13] ppcls INFO:     name : RepVGG_D2se
[2025/06/03 23:15:13] ppcls INFO:     class_num : 2
[2025/06/03 23:15:13] ppcls INFO: ------------------------------------------------------------
[2025/06/03 23:15:13] ppcls INFO: Loss : 
[2025/06/03 23:15:13] ppcls INFO:     Train : 
[2025/06/03 23:15:13] ppcls INFO:         CELoss : 
[2025/06/03 23:15:13] ppcls INFO:             weight : 1.0
[2025/06/03 23:15:13] ppcls INFO:             epsilon : 0.1
[2025/06/03 23:15:13] ppcls INFO:     Eval : 
[2025/06/03 23:15:13] ppcls INFO:         CELoss : 
[2025/06/03 23:15:13] ppcls INFO:             weight : 1.0
[2025/06/03 23:15:13] ppcls INFO: ------------------------------------------------------------
[2025/06/03 23:15:13] ppcls INFO: Optimizer : 
[2025/06/03 23:15:13] ppcls INFO:     name : Momentum
[2025/06/03 23:15:13] ppcls INFO:     momentum : 0.9
[2025/06/03 23:15:13] ppcls INFO:     lr : 
[2025/06/03 23:15:13] ppcls INFO:         name : Cosine
[2025/06/03 23:15:13] ppcls INFO:         learning_rate : 0.1
[2025/06/03 23:15:13] ppcls INFO:         warmup_epoch : 5
[2025/06/03 23:15:13] ppcls INFO:     regularizer : 
[2025/06/03 23:15:13] ppcls INFO:         name : L2
[2025/06/03 23:15:13] ppcls INFO:         coeff : 0.0001
[2025/06/03 23:15:13] ppcls INFO: ------------------------------------------------------------
[2025/06/03 23:15:13] ppcls INFO: DataLoader : 
[2025/06/03 23:15:13] ppcls INFO:     Train : 
[2025/06/03 23:15:13] ppcls INFO:         dataset : 
[2025/06/03 23:15:13] ppcls INFO:             name : ImageNetDataset
[2025/06/03 23:15:13] ppcls INFO:             image_root : /mnt/data1_hdd/wgk/PaddleClas/tr/datasets_depth/
[2025/06/03 23:15:13] ppcls INFO:             cls_label_path : /mnt/data1_hdd/wgk/PaddleClas/tr/datasets_depth/train_list.txt
[2025/06/03 23:15:13] ppcls INFO:             depth_root : /mnt/data1_hdd/wgk/PaddleClas/tr/datasets_depth/
[2025/06/03 23:15:13] ppcls INFO:             transform_ops : 
[2025/06/03 23:15:13] ppcls INFO:                 DecodeImage : 
[2025/06/03 23:15:13] ppcls INFO:                     to_rgb : True
[2025/06/03 23:15:13] ppcls INFO:                     channel_first : False
[2025/06/03 23:15:13] ppcls INFO:                 RandCropImage : 
[2025/06/03 23:15:13] ppcls INFO:                     size : 224
[2025/06/03 23:15:13] ppcls INFO:                 RandFlipImage : 
[2025/06/03 23:15:13] ppcls INFO:                     flip_code : 1
[2025/06/03 23:15:13] ppcls INFO:                 AutoAugment : None
[2025/06/03 23:15:13] ppcls INFO:                 NormalizeImage : 
[2025/06/03 23:15:13] ppcls INFO:                     scale : 1.0/255.0
[2025/06/03 23:15:13] ppcls INFO:                     mean : [0.485, 0.456, 0.406]
[2025/06/03 23:15:13] ppcls INFO:                     std : [0.229, 0.224, 0.225]
[2025/06/03 23:15:13] ppcls INFO:                     order : 
[2025/06/03 23:15:13] ppcls INFO:             batch_transform_ops : 
[2025/06/03 23:15:13] ppcls INFO:                 MixupOperator : 
[2025/06/03 23:15:13] ppcls INFO:                     alpha : 0.2
[2025/06/03 23:15:13] ppcls INFO:         sampler : 
[2025/06/03 23:15:13] ppcls INFO:             name : DistributedBatchSampler
[2025/06/03 23:15:13] ppcls INFO:             batch_size : 64
[2025/06/03 23:15:13] ppcls INFO:             drop_last : False
[2025/06/03 23:15:13] ppcls INFO:             shuffle : True
[2025/06/03 23:15:13] ppcls INFO:         loader : 
[2025/06/03 23:15:13] ppcls INFO:             num_workers : 4
[2025/06/03 23:15:13] ppcls INFO:             use_shared_memory : True
[2025/06/03 23:15:13] ppcls INFO:     Eval : 
[2025/06/03 23:15:13] ppcls INFO:         dataset : 
[2025/06/03 23:15:13] ppcls INFO:             name : ImageNetDataset
[2025/06/03 23:15:13] ppcls INFO:             image_root : /mnt/data1_hdd/wgk/PaddleClas/tr/datasets_depth/
[2025/06/03 23:15:13] ppcls INFO:             cls_label_path : /mnt/data1_hdd/wgk/PaddleClas/tr/datasets_depth/val_list.txt
[2025/06/03 23:15:13] ppcls INFO:             depth_root : /mnt/data1_hdd/wgk/PaddleClas/tr/datasets_depth/
[2025/06/03 23:15:13] ppcls INFO:             transform_ops : 
[2025/06/03 23:15:13] ppcls INFO:                 DecodeImage : 
[2025/06/03 23:15:13] ppcls INFO:                     to_rgb : True
[2025/06/03 23:15:13] ppcls INFO:                     channel_first : False
[2025/06/03 23:15:13] ppcls INFO:                 ResizeImage : 
[2025/06/03 23:15:13] ppcls INFO:                     resize_short : 320
[2025/06/03 23:15:13] ppcls INFO:                     interpolation : bicubic
[2025/06/03 23:15:13] ppcls INFO:                     backend : pil
[2025/06/03 23:15:13] ppcls INFO:                 CropImage : 
[2025/06/03 23:15:13] ppcls INFO:                     size : 320
[2025/06/03 23:15:13] ppcls INFO:                 NormalizeImage : 
[2025/06/03 23:15:13] ppcls INFO:                     scale : 1.0/255.0
[2025/06/03 23:15:13] ppcls INFO:                     mean : [0.485, 0.456, 0.406]
[2025/06/03 23:15:13] ppcls INFO:                     std : [0.229, 0.224, 0.225]
[2025/06/03 23:15:13] ppcls INFO:                     order : 
[2025/06/03 23:15:13] ppcls INFO:         sampler : 
[2025/06/03 23:15:13] ppcls INFO:             name : DistributedBatchSampler
[2025/06/03 23:15:13] ppcls INFO:             batch_size : 128
[2025/06/03 23:15:13] ppcls INFO:             drop_last : False
[2025/06/03 23:15:13] ppcls INFO:             shuffle : False
[2025/06/03 23:15:13] ppcls INFO:         loader : 
[2025/06/03 23:15:13] ppcls INFO:             num_workers : 4
[2025/06/03 23:15:13] ppcls INFO:             use_shared_memory : True
[2025/06/03 23:15:13] ppcls INFO: ------------------------------------------------------------
[2025/06/03 23:15:13] ppcls INFO: Infer : 
[2025/06/03 23:15:13] ppcls INFO:     infer_imgs : docs/images/inference_deployment/whl_demo.jpg
[2025/06/03 23:15:13] ppcls INFO:     batch_size : 10
[2025/06/03 23:15:13] ppcls INFO:     transforms : 
[2025/06/03 23:15:13] ppcls INFO:         DecodeImage : 
[2025/06/03 23:15:13] ppcls INFO:             to_rgb : True
[2025/06/03 23:15:13] ppcls INFO:             channel_first : False
[2025/06/03 23:15:13] ppcls INFO:         ResizeImage : 
[2025/06/03 23:15:13] ppcls INFO:             resize_short : 320
[2025/06/03 23:15:13] ppcls INFO:             interpolation : bicubic
[2025/06/03 23:15:13] ppcls INFO:             backend : pil
[2025/06/03 23:15:13] ppcls INFO:         CropImage : 
[2025/06/03 23:15:13] ppcls INFO:             size : 320
[2025/06/03 23:15:13] ppcls INFO:         NormalizeImage : 
[2025/06/03 23:15:13] ppcls INFO:             scale : 1.0/255.0
[2025/06/03 23:15:13] ppcls INFO:             mean : [0.485, 0.456, 0.406]
[2025/06/03 23:15:13] ppcls INFO:             std : [0.229, 0.224, 0.225]
[2025/06/03 23:15:13] ppcls INFO:             order : 
[2025/06/03 23:15:13] ppcls INFO:         ToCHWImage : None
[2025/06/03 23:15:13] ppcls INFO:     PostProcess : 
[2025/06/03 23:15:13] ppcls INFO:         name : Topk
[2025/06/03 23:15:13] ppcls INFO:         topk : 5
[2025/06/03 23:15:13] ppcls INFO:         class_id_map_file : ppcls/utils/imagenet1k_label_list.txt
[2025/06/03 23:15:13] ppcls INFO: ------------------------------------------------------------
[2025/06/03 23:15:13] ppcls INFO: Metric : 
[2025/06/03 23:15:13] ppcls INFO:     Train : 
[2025/06/03 23:15:13] ppcls INFO:         TopkAcc : 
[2025/06/03 23:15:13] ppcls INFO:             topk : [1, 5]
[2025/06/03 23:15:13] ppcls INFO:     Eval : 
[2025/06/03 23:15:13] ppcls INFO:         TopkAcc : 
[2025/06/03 23:15:13] ppcls INFO:             topk : [1, 5]
[2025/06/03 23:15:13] ppcls INFO: ------------------------------------------------------------
[2025/06/03 23:15:13] ppcls INFO: profiler_options : None
[2025/06/03 23:15:13] ppcls INFO: train with paddle 3.0.0 and device Place(gpu:0)
[2025/06/03 23:15:15] ppcls WARNING: Unable to calculate accuracy when using "batch_transform_ops". The metric "{'TopkAcc': {'topk': [1, 5]}}" has been removed.
